<?xml version="1.0" encoding="UTF-8"?>
<testng-results ignored="0" total="8" passed="8" failed="0" skipped="0">
  <reporter-output>
  </reporter-output>
  <suite started-at="2026-04-19T15:39:10 IST" name="Automation Suite" finished-at="2026-04-19T15:39:45 IST" duration-ms="35016">
    <groups>
    </groups>
    <test started-at="2026-04-19T15:39:10 IST" name="UI Tests" finished-at="2026-04-19T15:39:45 IST" duration-ms="35016">
      <class name="tests.WebTableTest">
        <test-method is-config="true" signature="beforeMethod()[pri:0, instance:tests.WebTableTest@3cd3e762]" started-at="2026-04-19T15:39:15 IST" name="beforeMethod" finished-at="2026-04-19T15:39:15 IST" duration-ms="719" status="PASS">
          <reporter-output>
          </reporter-output>
        </test-method> <!-- beforeMethod -->
        <test-method signature="testWebTableFlow()[pri:0, instance:tests.WebTableTest@3cd3e762]" started-at="2026-04-19T15:39:15 IST" name="testWebTableFlow" finished-at="2026-04-19T15:39:22 IST" duration-ms="6364" status="PASS">
          <reporter-output>
          </reporter-output>
        </test-method> <!-- testWebTableFlow -->
        <test-method is-config="true" signature="afterMethod()[pri:0, instance:tests.WebTableTest@3cd3e762]" started-at="2026-04-19T15:39:22 IST" name="afterMethod" finished-at="2026-04-19T15:39:22 IST" duration-ms="8" status="PASS">
          <reporter-output>
          </reporter-output>
        </test-method> <!-- afterMethod -->
      </class> <!-- tests.WebTableTest -->
      <class name="tests.WidgetsTest">
        <test-method is-config="true" signature="beforeMethod()[pri:0, instance:tests.WidgetsTest@62ddbd7e]" started-at="2026-04-19T15:39:33 IST" name="beforeMethod" finished-at="2026-04-19T15:39:34 IST" duration-ms="854" status="PASS">
          <reporter-output>
          </reporter-output>
        </test-method> <!-- beforeMethod -->
        <test-method signature="testAccordian()[pri:0, instance:tests.WidgetsTest@62ddbd7e]" started-at="2026-04-19T15:39:34 IST" name="testAccordian" finished-at="2026-04-19T15:39:36 IST" duration-ms="2480" status="PASS">
          <reporter-output>
          </reporter-output>
        </test-method> <!-- testAccordian -->
        <test-method is-config="true" signature="afterMethod()[pri:0, instance:tests.WidgetsTest@62ddbd7e]" started-at="2026-04-19T15:39:36 IST" name="afterMethod" finished-at="2026-04-19T15:39:36 IST" duration-ms="2" status="PASS">
          <reporter-output>
          </reporter-output>
        </test-method> <!-- afterMethod -->
        <test-method is-config="true" signature="beforeMethod()[pri:0, instance:tests.WidgetsTest@62ddbd7e]" started-at="2026-04-19T15:39:36 IST" name="beforeMethod" finished-at="2026-04-19T15:39:38 IST" duration-ms="1230" status="PASS">
          <reporter-output>
          </reporter-output>
        </test-method> <!-- beforeMethod -->
        <test-method signature="testDatePicker()[pri:0, instance:tests.WidgetsTest@62ddbd7e]" started-at="2026-04-19T15:39:38 IST" name="testDatePicker" finished-at="2026-04-19T15:39:41 IST" duration-ms="3255" status="PASS">
          <reporter-output>
          </reporter-output>
        </test-method> <!-- testDatePicker -->
        <test-method is-config="true" signature="afterMethod()[pri:0, instance:tests.WidgetsTest@62ddbd7e]" started-at="2026-04-19T15:39:41 IST" name="afterMethod" finished-at="2026-04-19T15:39:41 IST" duration-ms="2" status="PASS">
          <reporter-output>
          </reporter-output>
        </test-method> <!-- afterMethod -->
        <test-method is-config="true" signature="beforeMethod()[pri:0, instance:tests.WidgetsTest@62ddbd7e]" started-at="2026-04-19T15:39:41 IST" name="beforeMethod" finished-at="2026-04-19T15:39:42 IST" duration-ms="1016" status="PASS">
          <reporter-output>
          </reporter-output>
        </test-method> <!-- beforeMethod -->
        <test-method signature="testSlider()[pri:0, instance:tests.WidgetsTest@62ddbd7e]" started-at="2026-04-19T15:39:42 IST" name="testSlider" finished-at="2026-04-19T15:39:45 IST" duration-ms="2631" status="PASS">
          <reporter-output>
          </reporter-output>
        </test-method> <!-- testSlider -->
        <test-method is-config="true" signature="afterMethod()[pri:0, instance:tests.WidgetsTest@62ddbd7e]" started-at="2026-04-19T15:39:45 IST" name="afterMethod" finished-at="2026-04-19T15:39:45 IST" duration-ms="1" status="PASS">
          <reporter-output>
          </reporter-output>
        </test-method> <!-- afterMethod -->
      </class> <!-- tests.WidgetsTest -->
      <class name="tests.FramesTest">
        <test-method is-config="true" signature="beforeMethod()[pri:0, instance:tests.FramesTest@7eac9008]" started-at="2026-04-19T15:39:25 IST" name="beforeMethod" finished-at="2026-04-19T15:39:26 IST" duration-ms="616" status="PASS">
          <reporter-output>
          </reporter-output>
        </test-method> <!-- beforeMethod -->
        <test-method signature="testFrames()[pri:0, instance:tests.FramesTest@7eac9008]" started-at="2026-04-19T15:39:26 IST" name="testFrames" finished-at="2026-04-19T15:39:29 IST" duration-ms="3451" status="PASS">
          <reporter-output>
          </reporter-output>
        </test-method> <!-- testFrames -->
        <test-method is-config="true" signature="afterMethod()[pri:0, instance:tests.FramesTest@7eac9008]" started-at="2026-04-19T15:39:29 IST" name="afterMethod" finished-at="2026-04-19T15:39:29 IST" duration-ms="1" status="PASS">
          <reporter-output>
          </reporter-output>
        </test-method> <!-- afterMethod -->
      </class> <!-- tests.FramesTest -->
      <class name="tests.AlertsTest">
        <test-method is-config="true" signature="beforeMethod()[pri:0, instance:tests.AlertsTest@1fa121e2]" started-at="2026-04-19T15:39:22 IST" name="beforeMethod" finished-at="2026-04-19T15:39:22 IST" duration-ms="667" status="PASS">
          <reporter-output>
          </reporter-output>
        </test-method> <!-- beforeMethod -->
        <test-method signature="testAlerts()[pri:0, instance:tests.AlertsTest@1fa121e2]" started-at="2026-04-19T15:39:22 IST" name="testAlerts" finished-at="2026-04-19T15:39:25 IST" duration-ms="2914" status="PASS">
          <reporter-output>
          </reporter-output>
        </test-method> <!-- testAlerts -->
        <test-method is-config="true" signature="afterMethod()[pri:0, instance:tests.AlertsTest@1fa121e2]" started-at="2026-04-19T15:39:25 IST" name="afterMethod" finished-at="2026-04-19T15:39:25 IST" duration-ms="1" status="PASS">
          <reporter-output>
          </reporter-output>
        </test-method> <!-- afterMethod -->
      </class> <!-- tests.AlertsTest -->
      <class name="tests.WindowTest">
        <test-method is-config="true" signature="beforeMethod()[pri:0, instance:tests.WindowTest@4116aac9]" started-at="2026-04-19T15:39:29 IST" name="beforeMethod" finished-at="2026-04-19T15:39:30 IST" duration-ms="556" status="PASS">
          <reporter-output>
          </reporter-output>
        </test-method> <!-- beforeMethod -->
        <test-method signature="testWindows()[pri:0, instance:tests.WindowTest@4116aac9]" started-at="2026-04-19T15:39:30 IST" name="testWindows" finished-at="2026-04-19T15:39:33 IST" duration-ms="3108" status="PASS">
          <reporter-output>
          </reporter-output>
        </test-method> <!-- testWindows -->
        <test-method is-config="true" signature="afterMethod()[pri:0, instance:tests.WindowTest@4116aac9]" started-at="2026-04-19T15:39:33 IST" name="afterMethod" finished-at="2026-04-19T15:39:33 IST" duration-ms="1" status="PASS">
          <reporter-output>
          </reporter-output>
        </test-method> <!-- afterMethod -->
      </class> <!-- tests.WindowTest -->
      <class name="tests.FormTest">
        <test-method is-config="true" signature="setup()[pri:0, instance:tests.FormTest@1e800aaa]" started-at="2026-04-19T15:39:07 IST" name="setup" finished-at="2026-04-19T15:39:10 IST" duration-ms="2809" status="PASS">
          <reporter-output>
          </reporter-output>
        </test-method> <!-- setup -->
        <test-method is-config="true" signature="beforeMethod()[pri:0, instance:tests.FormTest@1e800aaa]" started-at="2026-04-19T15:39:10 IST" name="beforeMethod" finished-at="2026-04-19T15:39:12 IST" duration-ms="2022" status="PASS">
          <reporter-output>
          </reporter-output>
        </test-method> <!-- beforeMethod -->
        <test-method signature="testPracticeForm()[pri:0, instance:tests.FormTest@1e800aaa]" started-at="2026-04-19T15:39:12 IST" name="testPracticeForm" finished-at="2026-04-19T15:39:15 IST" duration-ms="2954" status="PASS">
          <reporter-output>
          </reporter-output>
        </test-method> <!-- testPracticeForm -->
        <test-method is-config="true" signature="afterMethod()[pri:0, instance:tests.FormTest@1e800aaa]" started-at="2026-04-19T15:39:15 IST" name="afterMethod" finished-at="2026-04-19T15:39:15 IST" duration-ms="2" status="PASS">
          <reporter-output>
          </reporter-output>
        </test-method> <!-- afterMethod -->
        <test-method is-config="true" signature="teardown()[pri:0, instance:tests.FormTest@1e800aaa]" started-at="2026-04-19T15:39:45 IST" name="teardown" finished-at="2026-04-19T15:39:45 IST" duration-ms="544" status="PASS">
          <reporter-output>
          </reporter-output>
        </test-method> <!-- teardown -->
      </class> <!-- tests.FormTest -->
    </test> <!-- UI Tests -->
  </suite> <!-- Automation Suite -->
</testng-results>
