<?xml version="1.0" encoding="UTF-8"?>
<!-- Generated by org.testng.reporters.JUnitXMLReporter -->
<testsuite ignored="10" hostname="DESKTOP-HSAPT3H" failures="0" tests="8" name="UI Tests" time="35.016" errors="0" timestamp="2026-04-19T15:39:45 IST">
  <testcase classname="tests.FormTest" name="testPracticeForm" time="2.954"/>
  <testcase classname="tests.WebTableTest" name="testWebTableFlow" time="6.364"/>
  <testcase classname="tests.AlertsTest" name="testAlerts" time="2.914"/>
  <testcase classname="tests.FramesTest" name="testFrames" time="3.451"/>
  <testcase classname="tests.WindowTest" name="testWindows" time="3.108"/>
  <testcase classname="tests.WidgetsTest" name="testAccordian" time="2.48"/>
  <testcase classname="tests.WidgetsTest" name="testDatePicker" time="3.255"/>
  <testcase classname="tests.WidgetsTest" name="testSlider" time="2.631"/>
  <testcase classname="base.BaseTest" name="@BeforeSuite setup" time="0.0">
    <ignored/>
  </testcase> <!-- @BeforeSuite setup -->
  <testcase classname="base.BaseTest" name="@BeforeSuite setup" time="0.0">
    <ignored/>
  </testcase> <!-- @BeforeSuite setup -->
  <testcase classname="base.BaseTest" name="@AfterSuite teardown" time="0.0">
    <ignored/>
  </testcase> <!-- @AfterSuite teardown -->
  <testcase classname="base.BaseTest" name="@AfterSuite teardown" time="0.0">
    <ignored/>
  </testcase> <!-- @AfterSuite teardown -->
  <testcase classname="base.BaseTest" name="@BeforeSuite setup" time="0.0">
    <ignored/>
  </testcase> <!-- @BeforeSuite setup -->
  <testcase classname="base.BaseTest" name="@AfterSuite teardown" time="0.0">
    <ignored/>
  </testcase> <!-- @AfterSuite teardown -->
  <testcase classname="base.BaseTest" name="@BeforeSuite setup" time="0.0">
    <ignored/>
  </testcase> <!-- @BeforeSuite setup -->
  <testcase classname="base.BaseTest" name="@AfterSuite teardown" time="0.0">
    <ignored/>
  </testcase> <!-- @AfterSuite teardown -->
  <testcase classname="base.BaseTest" name="@BeforeSuite setup" time="0.0">
    <ignored/>
  </testcase> <!-- @BeforeSuite setup -->
  <testcase classname="base.BaseTest" name="@AfterSuite teardown" time="0.0">
    <ignored/>
  </testcase> <!-- @AfterSuite teardown -->
</testsuite> <!-- UI Tests -->
