<?xml version="1.0" encoding="UTF-8"?>
<!-- Generated by org.testng.reporters.JUnitReportReporter -->
<testsuite hostname="DESKTOP-HSAPT3H" failures="0" tests="3" name="tests.WidgetsTest" time="11.471" errors="0" timestamp="2026-04-19T15:39:45 IST" skipped="0">
  <testcase classname="tests.WidgetsTest" name="testAccordian" time="3.498"/>
  <testcase classname="tests.WidgetsTest" name="testDatePicker" time="4.486"/>
  <testcase classname="tests.WidgetsTest" name="testSlider" time="3.487"/>
</testsuite> <!-- tests.WidgetsTest -->
